<?xml version="1.0" encoding="UTF-8"?>
<!-- Generated by org.testng.reporters.JUnitXMLReporter -->
<testsuite ignored="2" hostname="VINOD" failures="0" tests="1" name="Test" time="0.044" errors="0" timestamp="2023-01-12T12:06:22 IST">
  <testcase classname="practice_package.SampleRunner1" name="sample3" time="0.008"/>
  <testcase classname="practice_package.SampleRunner1" name="sample1" time="0.0">
    <ignored/>
  </testcase> <!-- sample1 -->
  <testcase classname="practice_package.SampleRunner1" name="sample2" time="0.0">
    <ignored/>
  </testcase> <!-- sample2 -->
</testsuite> <!-- Test -->
