<?xml version="1.0" encoding="UTF-8"?>
<!-- Generated by org.testng.reporters.JUnitXMLReporter -->
<testsuite ignored="0" hostname="VINOD" failures="0" tests="2" name="Test1" time="10.432" errors="0" timestamp="2023-01-10T15:53:14 IST">
  <testcase classname="openacctostaffapprove_package.OpenAccountToPendingAccountTest" name="OpenAccount" time="4.949"/>
  <testcase classname="openacctostaffapprove_package.OpenAccountToPendingAccountTest" name="approveAccount" time="2.182"/>
</testsuite> <!-- Test1 -->
