<?xml version="1.0" encoding="UTF-8"?>
<testng-results skipped="0" failed="1" ignored="0" total="2" passed="1">
  <reporter-output>
    <line>
      <![CDATA[OpenAccount TestScript Excutin Started ]]>
    </line>
    <line>
      <![CDATA[the applivcation no is482012477]]>
    </line>
    <line>
      <![CDATA[OpenAccount TestScript Excution succesfully  ]]>
    </line>
    <line>
      <![CDATA[approveAccount TestScript Excutin Started ]]>
    </line>
    <line>
      <![CDATA[The Actual  Application no482012477]]>
    </line>
    <line>
      <![CDATA[The Expected Application no 7028528]]>
    </line>
    <line>
      <![CDATA[--TestScript Execution failed]]>
    </line>
  </reporter-output>
  <suite name="Default suite" duration-ms="11482" started-at="2023-01-18T11:52:23 IST" finished-at="2023-01-18T11:52:34 IST">
    <groups>
    </groups>
    <test name="Default test" duration-ms="11482" started-at="2023-01-18T11:52:23 IST" finished-at="2023-01-18T11:52:34 IST">
      <class name="openacctostaffapprove_package.OpenAccountToPendingAccountTest">
        <test-method status="PASS" signature="configToDB()[pri:0, instance:openacctostaffapprove_package.OpenAccountToPendingAccountTest@8646db9]" name="configToDB" is-config="true" duration-ms="8" started-at="2023-01-18T11:52:23 IST" finished-at="2023-01-18T11:52:23 IST">
          <reporter-output>
          </reporter-output>
        </test-method> <!-- configToDB -->
        <test-method status="PASS" signature="configToBC()[pri:0, instance:openacctostaffapprove_package.OpenAccountToPendingAccountTest@8646db9]" name="configToBC" is-config="true" duration-ms="2466" started-at="2023-01-18T11:52:23 IST" finished-at="2023-01-18T11:52:25 IST">
          <reporter-output>
          </reporter-output>
        </test-method> <!-- configToBC -->
        <test-method status="PASS" signature="configBM()[pri:0, instance:openacctostaffapprove_package.OpenAccountToPendingAccountTest@8646db9]" name="configBM" is-config="true" duration-ms="0" started-at="2023-01-18T11:52:25 IST" finished-at="2023-01-18T11:52:25 IST">
          <reporter-output>
          </reporter-output>
        </test-method> <!-- configBM -->
        <test-method status="PASS" signature="OpenAccount()[pri:-2, instance:openacctostaffapprove_package.OpenAccountToPendingAccountTest@8646db9]" name="OpenAccount" duration-ms="5353" started-at="2023-01-18T11:52:25 IST" finished-at="2023-01-18T11:52:31 IST">
          <reporter-output>
            <line>
              <![CDATA[OpenAccount TestScript Excutin Started ]]>
            </line>
            <line>
              <![CDATA[the applivcation no is482012477]]>
            </line>
            <line>
              <![CDATA[OpenAccount TestScript Excution succesfully  ]]>
            </line>
          </reporter-output>
        </test-method> <!-- OpenAccount -->
        <test-method status="PASS" signature="configAM()[pri:0, instance:openacctostaffapprove_package.OpenAccountToPendingAccountTest@8646db9]" name="configAM" is-config="true" duration-ms="0" started-at="2023-01-18T11:52:31 IST" finished-at="2023-01-18T11:52:31 IST">
          <reporter-output>
          </reporter-output>
        </test-method> <!-- configAM -->
        <test-method status="PASS" signature="configBM()[pri:0, instance:openacctostaffapprove_package.OpenAccountToPendingAccountTest@8646db9]" name="configBM" is-config="true" duration-ms="2" started-at="2023-01-18T11:52:31 IST" finished-at="2023-01-18T11:52:31 IST">
          <reporter-output>
          </reporter-output>
        </test-method> <!-- configBM -->
        <test-method status="FAIL" signature="approveAccount()[pri:-1, instance:openacctostaffapprove_package.OpenAccountToPendingAccountTest@8646db9]" name="approveAccount" duration-ms="2339" started-at="2023-01-18T11:52:31 IST" finished-at="2023-01-18T11:52:33 IST">
          <exception class="org.openqa.selenium.NoAlertPresentException">
            <message>
              <![CDATA[no such alert
  (Session info: chrome=108.0.5359.126)
Build info: version: '3.141.59', revision: 'e82be7d358', time: '2018-11-14T08:17:03'
System info: host: 'VINOD', ip: '192.168.0.107', os.name: 'Windows 10', os.arch: 'amd64', os.version: '10.0', java.version: '1.8.0_201'
Driver info: org.openqa.selenium.chrome.ChromeDriver
Capabilities {acceptInsecureCerts: false, browserName: chrome, browserVersion: 108.0.5359.126, chrome: {chromedriverVersion: 108.0.5359.71 (1e0e3868ee06..., userDataDir: C:\Users\vinod\AppData\Loca...}, goog:chromeOptions: {debuggerAddress: localhost:51195}, javascriptEnabled: true, networkConnectionEnabled: false, pageLoadStrategy: normal, platform: WINDOWS, platformName: WINDOWS, proxy: Proxy(), setWindowRect: true, strictFileInteractability: false, timeouts: {implicit: 0, pageLoad: 300000, script: 30000}, unhandledPromptBehavior: dismiss and notify, webauthn:extension:credBlob: true, webauthn:extension:largeBlob: true, webauthn:virtualAuthenticators: true}
Session ID: a8a730394a9d8769bacb6c76d42dee04]]>
            </message>
            <full-stacktrace>
              <![CDATA[org.openqa.selenium.NoAlertPresentException: no such alert
  (Session info: chrome=108.0.5359.126)
Build info: version: '3.141.59', revision: 'e82be7d358', time: '2018-11-14T08:17:03'
System info: host: 'VINOD', ip: '192.168.0.107', os.name: 'Windows 10', os.arch: 'amd64', os.version: '10.0', java.version: '1.8.0_201'
Driver info: org.openqa.selenium.chrome.ChromeDriver
Capabilities {acceptInsecureCerts: false, browserName: chrome, browserVersion: 108.0.5359.126, chrome: {chromedriverVersion: 108.0.5359.71 (1e0e3868ee06..., userDataDir: C:\Users\vinod\AppData\Loca...}, goog:chromeOptions: {debuggerAddress: localhost:51195}, javascriptEnabled: true, networkConnectionEnabled: false, pageLoadStrategy: normal, platform: WINDOWS, platformName: WINDOWS, proxy: Proxy(), setWindowRect: true, strictFileInteractability: false, timeouts: {implicit: 0, pageLoad: 300000, script: 30000}, unhandledPromptBehavior: dismiss and notify, webauthn:extension:credBlob: true, webauthn:extension:largeBlob: true, webauthn:virtualAuthenticators: true}
Session ID: a8a730394a9d8769bacb6c76d42dee04
at sun.reflect.NativeConstructorAccessorImpl.newInstance0(Native Method)
at sun.reflect.NativeConstructorAccessorImpl.newInstance(NativeConstructorAccessorImpl.java:62)
at sun.reflect.DelegatingConstructorAccessorImpl.newInstance(DelegatingConstructorAccessorImpl.java:45)
at java.lang.reflect.Constructor.newInstance(Constructor.java:423)
at org.openqa.selenium.remote.http.W3CHttpResponseCodec.createException(W3CHttpResponseCodec.java:187)
at org.openqa.selenium.remote.http.W3CHttpResponseCodec.decode(W3CHttpResponseCodec.java:122)
at org.openqa.selenium.remote.http.W3CHttpResponseCodec.decode(W3CHttpResponseCodec.java:49)
at org.openqa.selenium.remote.HttpCommandExecutor.execute(HttpCommandExecutor.java:158)
at org.openqa.selenium.remote.service.DriverCommandExecutor.execute(DriverCommandExecutor.java:83)
at org.openqa.selenium.remote.RemoteWebDriver.execute(RemoteWebDriver.java:552)
at org.openqa.selenium.remote.RemoteWebDriver.execute(RemoteWebDriver.java:609)
at org.openqa.selenium.remote.RemoteWebDriver$RemoteTargetLocator.alert(RemoteWebDriver.java:932)
at com.banking.generiutilities.WebdriverUtility.acceptAlertGetText(WebdriverUtility.java:358)
at openacctostaffapprove_package.OpenAccountToPendingAccountTest.approveAccount(OpenAccountToPendingAccountTest.java:57)
at sun.reflect.NativeMethodAccessorImpl.invoke0(Native Method)
at sun.reflect.NativeMethodAccessorImpl.invoke(NativeMethodAccessorImpl.java:62)
at sun.reflect.DelegatingMethodAccessorImpl.invoke(DelegatingMethodAccessorImpl.java:43)
at java.lang.reflect.Method.invoke(Method.java:498)
at org.testng.internal.MethodInvocationHelper.invokeMethod(MethodInvocationHelper.java:133)
at org.testng.internal.TestInvoker.invokeMethod(TestInvoker.java:598)
at org.testng.internal.TestInvoker.invokeTestMethod(TestInvoker.java:173)
at org.testng.internal.MethodRunner.runInSequence(MethodRunner.java:46)
at org.testng.internal.TestInvoker$MethodInvocationAgent.invoke(TestInvoker.java:824)
at org.testng.internal.TestInvoker.invokeTestMethods(TestInvoker.java:146)
at org.testng.internal.TestMethodWorker.invokeTestMethods(TestMethodWorker.java:146)
at org.testng.internal.TestMethodWorker.run(TestMethodWorker.java:128)
at java.util.ArrayList.forEach(ArrayList.java:1257)
at org.testng.TestRunner.privateRun(TestRunner.java:794)
at org.testng.TestRunner.run(TestRunner.java:596)
at org.testng.SuiteRunner.runTest(SuiteRunner.java:377)
at org.testng.SuiteRunner.runSequentially(SuiteRunner.java:371)
at org.testng.SuiteRunner.privateRun(SuiteRunner.java:332)
at org.testng.SuiteRunner.run(SuiteRunner.java:276)
at org.testng.SuiteRunnerWorker.runSuite(SuiteRunnerWorker.java:53)
at org.testng.SuiteRunnerWorker.run(SuiteRunnerWorker.java:96)
at org.testng.TestNG.runSuitesSequentially(TestNG.java:1212)
at org.testng.TestNG.runSuitesLocally(TestNG.java:1134)
at org.testng.TestNG.runSuites(TestNG.java:1063)
at org.testng.TestNG.run(TestNG.java:1031)
at org.testng.remote.AbstractRemoteTestNG.run(AbstractRemoteTestNG.java:115)
at org.testng.remote.RemoteTestNG.initAndRun(RemoteTestNG.java:251)
at org.testng.remote.RemoteTestNG.main(RemoteTestNG.java:77)
]]>
            </full-stacktrace>
          </exception> <!-- org.openqa.selenium.NoAlertPresentException -->
          <reporter-output>
            <line>
              <![CDATA[approveAccount TestScript Excutin Started ]]>
            </line>
            <line>
              <![CDATA[The Actual  Application no482012477]]>
            </line>
            <line>
              <![CDATA[The Expected Application no 7028528]]>
            </line>
            <line>
              <![CDATA[--TestScript Execution failed]]>
            </line>
          </reporter-output>
        </test-method> <!-- approveAccount -->
        <test-method status="PASS" signature="configAM()[pri:0, instance:openacctostaffapprove_package.OpenAccountToPendingAccountTest@8646db9]" name="configAM" is-config="true" duration-ms="0" started-at="2023-01-18T11:52:33 IST" finished-at="2023-01-18T11:52:33 IST">
          <reporter-output>
          </reporter-output>
        </test-method> <!-- configAM -->
        <test-method status="PASS" signature="configAC()[pri:0, instance:openacctostaffapprove_package.OpenAccountToPendingAccountTest@8646db9]" name="configAC" is-config="true" duration-ms="713" started-at="2023-01-18T11:52:33 IST" finished-at="2023-01-18T11:52:34 IST">
          <reporter-output>
          </reporter-output>
        </test-method> <!-- configAC -->
        <test-method status="PASS" signature="configCloseDB()[pri:0, instance:openacctostaffapprove_package.OpenAccountToPendingAccountTest@8646db9]" name="configCloseDB" is-config="true" duration-ms="1" started-at="2023-01-18T11:52:35 IST" finished-at="2023-01-18T11:52:35 IST">
          <reporter-output>
          </reporter-output>
        </test-method> <!-- configCloseDB -->
      </class> <!-- openacctostaffapprove_package.OpenAccountToPendingAccountTest -->
    </test> <!-- Default test -->
  </suite> <!-- Default suite -->
</testng-results>
