<?xml version="1.0" encoding="UTF-8"?>
<testng-results ignored="0" total="1" passed="1" failed="0" skipped="0">
  <reporter-output>
  </reporter-output>
  <suite started-at="2023-01-24T17:29:52 IST" name="Default suite" finished-at="2023-01-24T17:29:54 IST" duration-ms="2075">
    <groups>
    </groups>
    <test started-at="2023-01-24T17:29:52 IST" name="Default test" finished-at="2023-01-24T17:29:54 IST" duration-ms="2075">
      <class name="practice_package.BrokenLinksInBankingProject">
        <test-method signature="getBrokenLinks()[pri:0, instance:practice_package.BrokenLinksInBankingProject@33990a0c]" started-at="2023-01-24T17:29:52 IST" name="getBrokenLinks" finished-at="2023-01-24T17:29:54 IST" duration-ms="2041" status="PASS">
          <reporter-output>
          </reporter-output>
        </test-method> <!-- getBrokenLinks -->
      </class> <!-- practice_package.BrokenLinksInBankingProject -->
    </test> <!-- Default test -->
  </suite> <!-- Default suite -->
</testng-results>
